rm -rf summa src/*.o
CC -O3 -std=c++17 -Iinclude -I/opt/cray/pe/mpich/8.1.30/ofi/gnu/12.3/include -fopenmp                   -c src/verify.cpp -o build/cpu/verify.o
CC -O3 -std=c++17 -Iinclude -I/opt/cray/pe/mpich/8.1.30/ofi/gnu/12.3/include -fopenmp                   build/cpu/main.o build/cpu/summa_cpu.o build/cpu/local_dgemm_cpu.o build/cpu/verify.o -o summa
Result of CPU when N is 5000, Number of thread is 8
 *** For P is 4 (2x2) ***
Opts: N=5000 mode=cpu verify=1
[CPU] N=5000 P=2x2 ranks=4
  End-to-end  : 8.33816 s, 29.9826 GF/s
  Compute-only: 8.27064 s, 30.2274 GF/s
VERIFY RESULT:  max C diff = 0
RESULT: PASS (tolerance = 1e-05)
 *** For P is 16 (4x4) ***
Opts: N=5000 mode=cpu verify=1
[CPU] N=5000 P=4x4 ranks=16
  End-to-end  : 1.61995 s, 154.325 GF/s
  Compute-only: 1.55223 s, 161.059 GF/s
VERIFY RESULT:  max C diff = 0
RESULT: PASS (tolerance = 1e-05)
 *** For P is 64 (8x8) ***
Opts: N=5000 mode=cpu verify=1
[CPU] N=5000 P=8x8 ranks=64
  End-to-end  : 0.458766 s, 544.94 GF/s
  Compute-only: 0.397855 s, 628.37 GF/s
VERIFY RESULT:  max C diff = 0
RESULT: PASS (tolerance = 1e-05)
